[2025-09-12T13:02:04.850Z] Error: Not allowed by CORS
    at origin (E:\Fusion4o\server\index.js:49:22)
    at E:\Fusion4o\server\node_modules\cors\lib\index.js:219:13
    at optionsCallback (E:\Fusion4o\server\node_modules\cors\lib\index.js:199:9)
    at corsMiddleware (E:\Fusion4o\server\node_modules\cors\lib\index.js:204:7)
    at Layer.handle [as handle_request] (E:\Fusion4o\server\node_modules\express\lib\router\layer.js:95:5)
    at trim_prefix (E:\Fusion4o\server\node_modules\express\lib\router\index.js:328:13)
    at E:\Fusion4o\server\node_modules\express\lib\router\index.js:286:9
    at Function.process_params (E:\Fusion4o\server\node_modules\express\lib\router\index.js:346:12)
    at next (E:\Fusion4o\server\node_modules\express\lib\router\index.js:280:10)
    at expressInit (E:\Fusion4o\server\node_modules\express\lib\middleware\init.js:40:5)
[2025-09-12T13:02:05.889Z] Error: Not allowed by CORS
    at origin (E:\Fusion4o\server\index.js:49:22)
    at E:\Fusion4o\server\node_modules\cors\lib\index.js:219:13
    at optionsCallback (E:\Fusion4o\server\node_modules\cors\lib\index.js:199:9)
    at corsMiddleware (E:\Fusion4o\server\node_modules\cors\lib\index.js:204:7)
    at Layer.handle [as handle_request] (E:\Fusion4o\server\node_modules\express\lib\router\layer.js:95:5)
    at trim_prefix (E:\Fusion4o\server\node_modules\express\lib\router\index.js:328:13)
    at E:\Fusion4o\server\node_modules\express\lib\router\index.js:286:9
    at Function.process_params (E:\Fusion4o\server\node_modules\express\lib\router\index.js:346:12)
    at next (E:\Fusion4o\server\node_modules\express\lib\router\index.js:280:10)
    at expressInit (E:\Fusion4o\server\node_modules\express\lib\middleware\init.js:40:5)
[2025-09-12T13:02:07.901Z] Error: Not allowed by CORS
    at origin (E:\Fusion4o\server\index.js:49:22)
    at E:\Fusion4o\server\node_modules\cors\lib\index.js:219:13
    at optionsCallback (E:\Fusion4o\server\node_modules\cors\lib\index.js:199:9)
    at corsMiddleware (E:\Fusion4o\server\node_modules\cors\lib\index.js:204:7)
    at Layer.handle [as handle_request] (E:\Fusion4o\server\node_modules\express\lib\router\layer.js:95:5)
    at trim_prefix (E:\Fusion4o\server\node_modules\express\lib\router\index.js:328:13)
    at E:\Fusion4o\server\node_modules\express\lib\router\index.js:286:9
    at Function.process_params (E:\Fusion4o\server\node_modules\express\lib\router\index.js:346:12)
    at next (E:\Fusion4o\server\node_modules\express\lib\router\index.js:280:10)
    at expressInit (E:\Fusion4o\server\node_modules\express\lib\middleware\init.js:40:5)
[2025-09-12T13:02:11.917Z] Error: Not allowed by CORS
    at origin (E:\Fusion4o\server\index.js:49:22)
    at E:\Fusion4o\server\node_modules\cors\lib\index.js:219:13
    at optionsCallback (E:\Fusion4o\server\node_modules\cors\lib\index.js:199:9)
    at corsMiddleware (E:\Fusion4o\server\node_modules\cors\lib\index.js:204:7)
    at Layer.handle [as handle_request] (E:\Fusion4o\server\node_modules\express\lib\router\layer.js:95:5)
    at trim_prefix (E:\Fusion4o\server\node_modules\express\lib\router\index.js:328:13)
    at E:\Fusion4o\server\node_modules\express\lib\router\index.js:286:9
    at Function.process_params (E:\Fusion4o\server\node_modules\express\lib\router\index.js:346:12)
    at next (E:\Fusion4o\server\node_modules\express\lib\router\index.js:280:10)
    at expressInit (E:\Fusion4o\server\node_modules\express\lib\middleware\init.js:40:5)
[2025-09-12T13:02:19.939Z] Error: Not allowed by CORS
    at origin (E:\Fusion4o\server\index.js:49:22)
    at E:\Fusion4o\server\node_modules\cors\lib\index.js:219:13
    at optionsCallback (E:\Fusion4o\server\node_modules\cors\lib\index.js:199:9)
    at corsMiddleware (E:\Fusion4o\server\node_modules\cors\lib\index.js:204:7)
    at Layer.handle [as handle_request] (E:\Fusion4o\server\node_modules\express\lib\router\layer.js:95:5)
    at trim_prefix (E:\Fusion4o\server\node_modules\express\lib\router\index.js:328:13)
    at E:\Fusion4o\server\node_modules\express\lib\router\index.js:286:9
    at Function.process_params (E:\Fusion4o\server\node_modules\express\lib\router\index.js:346:12)
    at next (E:\Fusion4o\server\node_modules\express\lib\router\index.js:280:10)
    at expressInit (E:\Fusion4o\server\node_modules\express\lib\middleware\init.js:40:5)
[2025-09-12T13:04:03.686Z] Error: Not allowed by CORS
    at origin (E:\Fusion4o\server\index.js:49:22)
    at E:\Fusion4o\server\node_modules\cors\lib\index.js:219:13
    at optionsCallback (E:\Fusion4o\server\node_modules\cors\lib\index.js:199:9)
    at corsMiddleware (E:\Fusion4o\server\node_modules\cors\lib\index.js:204:7)
    at Layer.handle [as handle_request] (E:\Fusion4o\server\node_modules\express\lib\router\layer.js:95:5)
    at trim_prefix (E:\Fusion4o\server\node_modules\express\lib\router\index.js:328:13)
    at E:\Fusion4o\server\node_modules\express\lib\router\index.js:286:9
    at Function.process_params (E:\Fusion4o\server\node_modules\express\lib\router\index.js:346:12)
    at next (E:\Fusion4o\server\node_modules\express\lib\router\index.js:280:10)
    at expressInit (E:\Fusion4o\server\node_modules\express\lib\middleware\init.js:40:5)
[2025-09-12T13:04:04.728Z] Error: Not allowed by CORS
    at origin (E:\Fusion4o\server\index.js:49:22)
    at E:\Fusion4o\server\node_modules\cors\lib\index.js:219:13
    at optionsCallback (E:\Fusion4o\server\node_modules\cors\lib\index.js:199:9)
    at corsMiddleware (E:\Fusion4o\server\node_modules\cors\lib\index.js:204:7)
    at Layer.handle [as handle_request] (E:\Fusion4o\server\node_modules\express\lib\router\layer.js:95:5)
    at trim_prefix (E:\Fusion4o\server\node_modules\express\lib\router\index.js:328:13)
    at E:\Fusion4o\server\node_modules\express\lib\router\index.js:286:9
    at Function.process_params (E:\Fusion4o\server\node_modules\express\lib\router\index.js:346:12)
    at next (E:\Fusion4o\server\node_modules\express\lib\router\index.js:280:10)
    at expressInit (E:\Fusion4o\server\node_modules\express\lib\middleware\init.js:40:5)
[2025-09-12T13:04:06.758Z] Error: Not allowed by CORS
    at origin (E:\Fusion4o\server\index.js:49:22)
    at E:\Fusion4o\server\node_modules\cors\lib\index.js:219:13
    at optionsCallback (E:\Fusion4o\server\node_modules\cors\lib\index.js:199:9)
    at corsMiddleware (E:\Fusion4o\server\node_modules\cors\lib\index.js:204:7)
    at Layer.handle [as handle_request] (E:\Fusion4o\server\node_modules\express\lib\router\layer.js:95:5)
    at trim_prefix (E:\Fusion4o\server\node_modules\express\lib\router\index.js:328:13)
    at E:\Fusion4o\server\node_modules\express\lib\router\index.js:286:9
    at Function.process_params (E:\Fusion4o\server\node_modules\express\lib\router\index.js:346:12)
    at next (E:\Fusion4o\server\node_modules\express\lib\router\index.js:280:10)
    at expressInit (E:\Fusion4o\server\node_modules\express\lib\middleware\init.js:40:5)
[2025-09-12T13:04:10.766Z] Error: Not allowed by CORS
    at origin (E:\Fusion4o\server\index.js:49:22)
    at E:\Fusion4o\server\node_modules\cors\lib\index.js:219:13
    at optionsCallback (E:\Fusion4o\server\node_modules\cors\lib\index.js:199:9)
    at corsMiddleware (E:\Fusion4o\server\node_modules\cors\lib\index.js:204:7)
    at Layer.handle [as handle_request] (E:\Fusion4o\server\node_modules\express\lib\router\layer.js:95:5)
    at trim_prefix (E:\Fusion4o\server\node_modules\express\lib\router\index.js:328:13)
    at E:\Fusion4o\server\node_modules\express\lib\router\index.js:286:9
    at Function.process_params (E:\Fusion4o\server\node_modules\express\lib\router\index.js:346:12)
    at next (E:\Fusion4o\server\node_modules\express\lib\router\index.js:280:10)
    at expressInit (E:\Fusion4o\server\node_modules\express\lib\middleware\init.js:40:5)
[2025-09-12T13:04:18.782Z] Error: Not allowed by CORS
    at origin (E:\Fusion4o\server\index.js:49:22)
    at E:\Fusion4o\server\node_modules\cors\lib\index.js:219:13
    at optionsCallback (E:\Fusion4o\server\node_modules\cors\lib\index.js:199:9)
    at corsMiddleware (E:\Fusion4o\server\node_modules\cors\lib\index.js:204:7)
    at Layer.handle [as handle_request] (E:\Fusion4o\server\node_modules\express\lib\router\layer.js:95:5)
    at trim_prefix (E:\Fusion4o\server\node_modules\express\lib\router\index.js:328:13)
    at E:\Fusion4o\server\node_modules\express\lib\router\index.js:286:9
    at Function.process_params (E:\Fusion4o\server\node_modules\express\lib\router\index.js:346:12)
    at next (E:\Fusion4o\server\node_modules\express\lib\router\index.js:280:10)
    at expressInit (E:\Fusion4o\server\node_modules\express\lib\middleware\init.js:40:5)
